Flutter crash report.
Please report a bug at https://github.com/flutter/flutter/issues.

## command

flutter analyze apps/flutter_client/lib/screens/question_detail_screen.dart apps/flutter_client/lib/screens/ai_screen.dart apps/flutter_client/lib/services/api_service.dart

## exception

_Exception: Exception: analysis server exited with code 255 and output:
[stderr] #2      Parser.reportAllErrorTokens (package:_fe_analyzer_shared/src/parser/parser_impl.dart:9499:16)
[stderr] #3      Parser.parseUnit (package:_fe_analyzer_shared/src/parser/parser_impl.dart:430:5)
[stderr] #4      Parser.parseCompilationUnit2 (package:analyzer/src/generated/parser.dart:100:32)
[stderr] #5      Parser.parseCompilationUnit (package:analyzer/src/generated/parser.dart:96:12)
[stderr] #6      FileState.parseCode.<anonymous closure> (package:analyzer/src/dart/analysis/file_state.dart:682:25)
[stderr] #7      OperationPerformanceImpl.run (package:analyzer/src/util/performance/operation_performance.dart:155:23)
[stderr] #8      FileState.parseCode (package:analyzer/src/dart/analysis/file_state.dart:656:24)
[stderr] #9      FileState.getParsed (package:analyzer/src/dart/analysis/file_state.dart:613:16)
[stderr] #10     FileState._getUnlinkedUnit (package:analyzer/src/dart/analysis/file_state.dart:882:16)
[stderr] #11     FileState.refresh.<anonymous closure> (package:analyzer/src/dart/analysis/file_state.dart:723:29)
[stderr] #12     OperationPerformanceImpl.run (package:analyzer/src/util/performance/operation_performance.dart:155:23)
[stderr] #13     FileState.refresh (package:analyzer/src/dart/analysis/file_state.dart:722:17)
[stderr] #14     FileSystemState._newFile.<anonymous closure> (package:analyzer/src/dart/analysis/file_state.dart:1661:12)
[stderr] #15     OperationPerformanceImpl.run (package:analyzer/src/util/performance/operation_performance.dart:155:23)
[stderr] #16     FileSystemState._newFile (package:analyzer/src/dart/analysis/file_state.dart:1660:17)
[stderr] #17     FileSystemState.getFileForPath (package:analyzer/src/dart/analysis/file_state.dart:1454:14)
[stderr] #18     AnalysisDriver._discoverLibraries (package:analyzer/src/dart/analysis/driver.dart:1725:16)
[stderr] #19     AnalysisDriver.performWork (package:analyzer/src/dart/analysis/driver.dart:1201:5)
[stderr] #20     AnalysisDriverScheduler._run (package:analyzer/src/dart/analysis/driver.dart:2659:24)
[stderr] <asynchronous suspension>

```
```

## flutter doctor

```
[✓] Flutter (Channel stable, 3.32.4, on Microsoft Windows [版本 10.0.26100.6899], locale zh-CN) [767ms]
    • Flutter version 3.32.4 on channel stable at F:\Code\Android\Flutter
    • Upstream repository https://github.com/flutter/flutter.git
    • Framework revision 6fba2447e9 (9 months ago), 2025-06-12 19:03:56 -0700
    • Engine revision 8cd19e509d
    • Dart version 3.8.1
    • DevTools version 2.45.1
    • Pub download mirror https://pub.flutter-io.cn
    • Flutter download mirror https://storage.flutter-io.cn

[✓] Windows Version (Windows 11 or higher, 24H2, 2009) [4.7s]

[!] Android toolchain - develop for Android devices (Android SDK version 35.0.1) [42.2s]
    • Android SDK at F:\Code\Android\AndroidSDK\
    • Platform android-35, build-tools 35.0.1
    • ANDROID_HOME = F:\Code\Android\AndroidSDK\
    • Java binary at: F:\Code\Android\AndroidStudio\jbr\bin\java
      This is the JDK bundled with the latest Android Studio installation on this machine.
      To manually set the JDK path, use: `flutter config --jdk-dir="path/to/jdk"`.
    • Java version OpenJDK Runtime Environment (build 21.0.6+-13368085-b895.109)
    ! Some Android licenses not accepted. To resolve this, run: flutter doctor --android-licenses

[✗] Chrome - develop for the web (Cannot find Chrome executable at .\Google\Chrome\Application\chrome.exe) [172ms]
    ! Cannot find Chrome. Try setting CHROME_EXECUTABLE to a Chrome executable.

[✓] Visual Studio - develop Windows apps (Visual Studio Professional 2026 18.0.2) [170ms]
    • Visual Studio at C:\Program Files\Microsoft Visual Studio\18\Professional
    • Visual Studio Professional 2026 version 18.0.11222.15
    • Windows 10 SDK version 10.0.26100.0

[✓] Android Studio (version 2024.3.2) [30ms]
    • Android Studio at F:\Code\Android\AndroidStudio
    • Flutter plugin can be installed from:
      🔨 https://plugins.jetbrains.com/plugin/9212-flutter
    • Dart plugin can be installed from:
      🔨 https://plugins.jetbrains.com/plugin/6351-dart
    • Java version OpenJDK Runtime Environment (build 21.0.6+-13368085-b895.109)

[✓] VS Code (version unknown) [27ms]
    • VS Code at C:\Users\62758\AppData\Local\Programs\Microsoft VS Code
    • Flutter extension version 3.128.0
    ✗ Unable to determine VS Code version.

[✓] Connected device (2 available) [193ms]
    • Windows (desktop) • windows • windows-x64    • Microsoft Windows [版本 10.0.26100.6899]
    • Edge (web)        • edge    • web-javascript • Microsoft Edge 145.0.3800.82

[✓] Network resources [31.0s]
    • All expected network resources are available.

! Doctor found issues in 2 categories.
```
